d:\sae scripts\gpr5300_s1_kyawzayarmoe_3d-object-rendering\directx3drenderengine\directx3drenderengine\debug\vc142.pdb
d:\sae scripts\gpr5300_s1_kyawzayarmoe_3d-object-rendering\directx3drenderengine\directx3drenderengine\debug\vc142.idb
d:\sae scripts\gpr5300_s1_kyawzayarmoe_3d-object-rendering\directx3drenderengine\directx3drenderengine\debug\windowswindow.obj
d:\sae scripts\gpr5300_s1_kyawzayarmoe_3d-object-rendering\directx3drenderengine\directx3drenderengine\debug\wictextureloader11.obj
d:\sae scripts\gpr5300_s1_kyawzayarmoe_3d-object-rendering\directx3drenderengine\directx3drenderengine\debug\time.obj
d:\sae scripts\gpr5300_s1_kyawzayarmoe_3d-object-rendering\directx3drenderengine\directx3drenderengine\debug\mesh.obj
d:\sae scripts\gpr5300_s1_kyawzayarmoe_3d-object-rendering\directx3drenderengine\directx3drenderengine\debug\material.obj
d:\sae scripts\gpr5300_s1_kyawzayarmoe_3d-object-rendering\directx3drenderengine\directx3drenderengine\debug\directx3drenderengine.obj
d:\sae scripts\gpr5300_s1_kyawzayarmoe_3d-object-rendering\directx3drenderengine\directx3drenderengine\debug\directwriter.obj
d:\sae scripts\gpr5300_s1_kyawzayarmoe_3d-object-rendering\directx3drenderengine\directx3drenderengine\debug\directinput.obj
d:\sae scripts\gpr5300_s1_kyawzayarmoe_3d-object-rendering\directx3drenderengine\directx3drenderengine\debug\direct3d.obj
d:\sae scripts\gpr5300_s1_kyawzayarmoe_3d-object-rendering\directx3drenderengine\directx3drenderengine\debug\camera.obj
d:\sae scripts\gpr5300_s1_kyawzayarmoe_3d-object-rendering\directx3drenderengine\debug\colorpixelshader.cso
d:\sae scripts\gpr5300_s1_kyawzayarmoe_3d-object-rendering\directx3drenderengine\debug\colorvertexshader.cso
d:\sae scripts\gpr5300_s1_kyawzayarmoe_3d-object-rendering\directx3drenderengine\debug\shinypixelshader.cso
d:\sae scripts\gpr5300_s1_kyawzayarmoe_3d-object-rendering\directx3drenderengine\debug\shinyvertexshader.cso
d:\sae scripts\gpr5300_s1_kyawzayarmoe_3d-object-rendering\directx3drenderengine\debug\lightpixelshader.cso
d:\sae scripts\gpr5300_s1_kyawzayarmoe_3d-object-rendering\directx3drenderengine\debug\lightvertexshader.cso
d:\sae scripts\gpr5300_s1_kyawzayarmoe_3d-object-rendering\directx3drenderengine\debug\directx3drenderengine.exe
d:\sae scripts\gpr5300_s1_kyawzayarmoe_3d-object-rendering\directx3drenderengine\debug\directx3drenderengine.ilk
d:\sae scripts\gpr5300_s1_kyawzayarmoe_3d-object-rendering\directx3drenderengine\debug\directx3drenderengine.pdb
d:\sae scripts\gpr5300_s1_kyawzayarmoe_3d-object-rendering\directx3drenderengine\directx3drenderengine\debug\directx3drenderengine.res
d:\sae scripts\gpr5300_s1_kyawzayarmoe_3d-object-rendering\directx3drenderengine\directx3drenderengine\debug\directx3.2ce64dc6.tlog\cl.command.1.tlog
d:\sae scripts\gpr5300_s1_kyawzayarmoe_3d-object-rendering\directx3drenderengine\directx3drenderengine\debug\directx3.2ce64dc6.tlog\cl.read.1.tlog
d:\sae scripts\gpr5300_s1_kyawzayarmoe_3d-object-rendering\directx3drenderengine\directx3drenderengine\debug\directx3.2ce64dc6.tlog\cl.write.1.tlog
d:\sae scripts\gpr5300_s1_kyawzayarmoe_3d-object-rendering\directx3drenderengine\directx3drenderengine\debug\directx3.2ce64dc6.tlog\fxc.command.1.tlog
d:\sae scripts\gpr5300_s1_kyawzayarmoe_3d-object-rendering\directx3drenderengine\directx3drenderengine\debug\directx3.2ce64dc6.tlog\fxc.read.1.tlog
d:\sae scripts\gpr5300_s1_kyawzayarmoe_3d-object-rendering\directx3drenderengine\directx3drenderengine\debug\directx3.2ce64dc6.tlog\fxc.write.1.tlog
d:\sae scripts\gpr5300_s1_kyawzayarmoe_3d-object-rendering\directx3drenderengine\directx3drenderengine\debug\directx3.2ce64dc6.tlog\link.command.1.tlog
d:\sae scripts\gpr5300_s1_kyawzayarmoe_3d-object-rendering\directx3drenderengine\directx3drenderengine\debug\directx3.2ce64dc6.tlog\link.read.1.tlog
d:\sae scripts\gpr5300_s1_kyawzayarmoe_3d-object-rendering\directx3drenderengine\directx3drenderengine\debug\directx3.2ce64dc6.tlog\link.write.1.tlog
d:\sae scripts\gpr5300_s1_kyawzayarmoe_3d-object-rendering\directx3drenderengine\directx3drenderengine\debug\directx3.2ce64dc6.tlog\rc.command.1.tlog
d:\sae scripts\gpr5300_s1_kyawzayarmoe_3d-object-rendering\directx3drenderengine\directx3drenderengine\debug\directx3.2ce64dc6.tlog\rc.read.1.tlog
d:\sae scripts\gpr5300_s1_kyawzayarmoe_3d-object-rendering\directx3drenderengine\directx3drenderengine\debug\directx3.2ce64dc6.tlog\rc.write.1.tlog
